Arguments: 
  /usr/bin/node /usr/bin/yarn install

PATH: 
  /home/basit/.flutter-install/flutter/bin:/home/basit/.local/bin:/usr/local/bin:/usr/bin:/bin:/usr/local/sbin:/usr/lib/jvm/default/bin:/usr/bin/site_perl:/usr/bin/vendor_perl:/usr/bin/core_perl:/var/lib/snapd/snap/bin:/home/basit/Android/Sdk/tools:/home/basit/Android/Sdk/platform-tools:/home/basit/.config/composer/vendor/bin

Yarn version: 
  1.22.10

Node version: 
  10.23.0

Platform: 
  linux x64

Trace: 
  Error: getaddrinfo ENOTFOUND registry.yarnpkg.com registry.yarnpkg.com:443
      at GetAddrInfoReqWrap.onlookup [as oncomplete] (dns.js:56:26)

npm manifest: 
  {
    "name": "yify-clone",
    "version": "0.0.0",
    "scripts": {
      "dev": "vite",
      "build": "vite build"
    },
    "dependencies": {
      "vue": "^3.0.2"
    },
    "devDependencies": {
      "vite": "^1.0.0-rc.8",
      "@vue/compiler-sfc": "^3.0.2"
    }
  }

yarn manifest: 
  No manifest

Lockfile: 
  No lockfile
